<?xml version="1.0" encoding="UTF-8"?>
<testsuite name="Cucumber" time="20.295" tests="1" skipped="0" failures="1" errors="0">
<testcase classname="US001 Google Sayfasi Testi" name="Arama kutusunda ford aratir." time="19.399">
<failure type="java.lang.AssertionError">
<![CDATA[java.lang.AssertionError
	at org.junit.Assert.fail(Assert.java:87)
	at org.junit.Assert.assertTrue(Assert.java:42)
	at org.junit.Assert.assertTrue(Assert.java:53)
	at techproed.stepDefinition.GoogleStepDefinition.googleSayfasindaBasiliginIcerdiginiTestEder(GoogleStepDefinition.java:34)
	at âœ½.google sayfasinda basiligin "ford" icerdigini test eder.(file:///C:/Users/Omer/IdeaProjects/CucumberProject/src/test/resources/features/day34_Hooks_Excel/US001_HooksTest.feature:14)
]]>
</failure>
<system-out><![CDATA[
Given kullanici "googleUrl" sayfasina gitti.................................passed
* kullanici google arama kutusunda "volvo" aratir...........................passed
* google sayfasinda basiligin "ford" icerdigini test eder...................failed
And sayfayi kapatir.........................................................skipped
]]></system-out>
</testcase>
</testsuite>
